<?xml version="1.0" encoding="UTF-8"?>
<testsuite name="Scenario: Verify invalid login from messenger page" time="0.504" tests="24" errors="0" skipped="0" failures="0">
  <properties>
[...]
</properties>
  <testcase name="Given I am on home page" classname="| ilhan@sample.com | test123 |" time="0.051"/>
  <testcase name="When I enter ilhan@sample.com into username text fields on home screen" classname="| ilhan@sample.com | test123 |" time="0.001"/>
  <testcase name="And I enter test123 into password text fields on home screen" classname="| ilhan@sample.com | test123 |" time="0"/>
  <testcase name="And I click on login button on home screen" classname="| ilhan@sample.com | test123 |" time="0"/>
  <testcase name="Then I verify that I am in invalid login page" classname="| ilhan@sample.com | test123 |" time="0.004"/>
  <testcase name="| ilhan@sample.com | test123 |" classname="| ilhan@sample.com | test123 |" time="0.111"/>
  <testcase name="Given I am on home page" classname="| hasan@sample.com | wer1233 |" time="0.001"/>
  <testcase name="When I enter hasan@sample.com into username text fields on home screen" classname="| hasan@sample.com | wer1233 |" time="0.001"/>
  <testcase name="And I enter wer1233 into password text fields on home screen" classname="| hasan@sample.com | wer1233 |" time="0"/>
  <testcase name="And I click on login button on home screen" classname="| hasan@sample.com | wer1233 |" time="0"/>
  <testcase name="Then I verify that I am in invalid login page" classname="| hasan@sample.com | wer1233 |" time="0.008"/>
  <testcase name="| hasan@sample.com | wer1233 |" classname="| hasan@sample.com | wer1233 |" time="0.115"/>
  <testcase name="Given I am on home page" classname="| ismet@sample.com | asdr123 |" time="0.001"/>
  <testcase name="When I enter ismet@sample.com into username text fields on home screen" classname="| ismet@sample.com | asdr123 |" time="0"/>
  <testcase name="And I enter asdr123 into password text fields on home screen" classname="| ismet@sample.com | asdr123 |" time="0"/>
  <testcase name="And I click on login button on home screen" classname="| ismet@sample.com | asdr123 |" time="0"/>
  <testcase name="Then I verify that I am in invalid login page" classname="| ismet@sample.com | asdr123 |" time="0.001"/>
  <testcase name="| ismet@sample.com | asdr123 |" classname="| ismet@sample.com | asdr123 |" time="0.103"/>
  <testcase name="Given I am on messenger page" classname="Scenario: Verify invalid login from messenger page" time="0.001"/>
  <testcase name="When I enter ilhanturkmen@siliconelabs.com into username field on the messenger page" classname="Scenario: Verify invalid login from messenger page" time="0.001"/>
  <testcase name="And I enter test123 into password field on the messenger page" classname="Scenario: Verify invalid login from messenger page" time="0.001"/>
  <testcase name="And I click on login button on messenger page" classname="Scenario: Verify invalid login from messenger page" time="0"/>
  <testcase name="Then I verify invalid login message on sign in page" classname="Scenario: Verify invalid login from messenger page" time="0"/>
  <testcase name="Scenario: Verify invalid login from messenger page" classname="Scenario: Verify invalid login from messenger page" time="0.104"/>
</testsuite>